% ./heat2n-i-naive2
Nx, Ny: 3 3
θ (0≦θ≦1): 0.5
τ(≦0.0555556≡最大値ノルムに関する安定性条件を満たすτの上限): 0.0555555555
λ=1
素朴に作った連立1次方程式の行列
    0.5 -0.125      0      0 -0.125      0      0      0      0      0      0      0      0      0      0      0
 -0.125      1 -0.125      0      0  -0.25      0      0      0      0      0      0      0      0      0      0
      0 -0.125      1 -0.125      0      0  -0.25      0      0      0      0      0      0      0      0      0
      0      0 -0.125    0.5      0      0      0 -0.125      0      0      0      0      0      0      0      0
 -0.125      0      0      0      1  -0.25      0      0 -0.125      0      0      0      0      0      0      0
      0  -0.25      0      0  -0.25      2  -0.25      0      0  -0.25      0      0      0      0      0      0
      0      0  -0.25      0      0  -0.25      2  -0.25      0      0  -0.25      0      0      0      0      0
      0      0      0 -0.125      0      0  -0.25      1      0      0      0 -0.125      0      0      0      0
      0      0      0      0 -0.125      0      0      0      1  -0.25      0      0 -0.125      0      0      0
      0      0      0      0      0  -0.25      0      0  -0.25      2  -0.25      0      0  -0.25      0      0
      0      0      0      0      0      0  -0.25      0      0  -0.25      2  -0.25      0      0  -0.25      0
      0      0      0      0      0      0      0 -0.125      0      0  -0.25      1      0      0      0 -0.125
      0      0      0      0      0      0      0      0 -0.125      0      0      0    0.5 -0.125      0      0
      0      0      0      0      0      0      0      0      0  -0.25      0      0 -0.125      1 -0.125      0
      0      0      0      0      0      0      0      0      0      0  -0.25      0      0 -0.125      1 -0.125
      0      0      0      0      0      0      0      0      0      0      0 -0.125      0      0 -0.125    0.5
備考: 1+2θλ= 2.00, -θλx=-0.25, -θλy=-0.25
Tmax: 1
Δt: 0.0555555555
%
