% cglsc heat2d-i-naive2.c lu.c
% ./heat2d-i-naive2
Nx, Ny: 4 4
θ (0≦θ≦1): 0.5
τ(≦0.03125≡最大値ノルムに関する安定性条件を満たすτの上限): 0.01
λ=0.32
連立1次方程式の行列
   1.32  -0.08      0  -0.08      0      0      0      0      0
  -0.08   1.32  -0.08      0  -0.08      0      0      0      0
      0  -0.08   1.32      0      0  -0.08      0      0      0
  -0.08      0      0   1.32  -0.08      0  -0.08      0      0
      0  -0.08      0  -0.08   1.32  -0.08      0  -0.08      0
      0      0  -0.08      0  -0.08   1.32      0      0  -0.08
      0      0      0  -0.08      0      0   1.32  -0.08      0
      0      0      0      0  -0.08      0  -0.08   1.32  -0.08
      0      0      0      0      0  -0.08      0  -0.08   1.32
備考: 1+2θλ=1.32, -θλx= -0.08, -θλy= -0.08
Tmax: 1
Δt: 0.01
% ./heat2d-i-naive2
Nx, Ny: 5 5
θ (0≦θ≦1): 0.5
τ(≦0.02≡最大値ノルムに関する安定性条件を満たすτの上限): 0.01
λ=0.5
連立1次方程式の行列
    1.5 -0.125      0      0 -0.125      0      0      0      0      0      0      0      0      0      0      0
 -0.125    1.5 -0.125      0      0 -0.125      0      0      0      0      0      0      0      0      0      0
      0 -0.125    1.5 -0.125      0      0 -0.125      0      0      0      0      0      0      0      0      0
      0      0 -0.125    1.5      0      0      0 -0.125      0      0      0      0      0      0      0      0
 -0.125      0      0      0    1.5 -0.125      0      0 -0.125      0      0      0      0      0      0      0
      0 -0.125      0      0 -0.125    1.5 -0.125      0      0 -0.125      0      0      0      0      0      0
      0      0 -0.125      0      0 -0.125    1.5 -0.125      0      0 -0.125      0      0      0      0      0
      0      0      0 -0.125      0      0 -0.125    1.5      0      0      0 -0.125      0      0      0      0
      0      0      0      0 -0.125      0      0      0    1.5 -0.125      0      0 -0.125      0      0      0
      0      0      0      0      0 -0.125      0      0 -0.125    1.5 -0.125      0      0 -0.125      0      0
      0      0      0      0      0      0 -0.125      0      0 -0.125    1.5 -0.125      0      0 -0.125      0
      0      0      0      0      0      0      0 -0.125      0      0 -0.125    1.5      0      0      0 -0.125
      0      0      0      0      0      0      0      0 -0.125      0      0      0    1.5 -0.125      0      0
      0      0      0      0      0      0      0      0      0 -0.125      0      0 -0.125    1.5 -0.125      0
      0      0      0      0      0      0      0      0      0      0 -0.125      0      0 -0.125    1.5 -0.125
      0      0      0      0      0      0      0      0      0      0      0 -0.125      0      0 -0.125    1.5
備考: 1+2θλ= 1.5, -θλx=-0.125, -θλy=-0.125
Tmax: 1
Δt: 0.01
%
